2016-06-19 04:44:31 Debug: 2016-06-19 04:44:31
2016-06-19 04:44:31 Debug: 2016-06-19 04:44:31
2016-06-19 04:44:31 Debug: Array
(
)

2016-06-19 04:45:36 Debug: 2016-06-19 04:45:36
2016-06-19 04:45:36 Debug: 2016-06-19 04:45:36
2016-06-19 04:45:36 Debug: Array
(
)

2016-06-19 04:45:50 Debug: 2016-06-19 04:45:50
2016-06-19 04:45:50 Debug: 2016-06-19 04:45:50
2016-06-19 04:45:50 Debug: Array
(
)

2016-06-19 04:47:06 Debug: 2016-06-19 04:47:06
2016-06-19 04:47:06 Debug: 2016-06-19 04:47:06
2016-06-19 04:47:06 Debug: Array
(
)

2016-06-19 04:47:30 Debug: 2016-06-19 04:47:30
2016-06-19 04:47:30 Debug: 2016-06-18 04:47:30
2016-06-19 04:47:30 Debug: Array
(
)

2016-06-19 04:48:27 Debug: 2016-06-19 04:48:27
2016-06-19 04:48:27 Debug: 2016-06-19 04:48:27
2016-06-19 04:48:27 Debug: Array
(
)

2016-06-19 04:48:48 Debug: 2016-06-19 04:48:48
2016-06-19 04:48:48 Debug: 2016-06-19 04:48:48
2016-06-19 04:48:48 Debug: Array
(
)

2016-06-19 04:50:45 Debug: 2016-06-19 04:50:45
2016-06-19 04:50:45 Debug: 2016-06-19 00:00:00
2016-06-19 04:50:45 Debug: Array
(
)

2016-06-19 04:52:29 Debug: 2016-06-14 07:59:02
2016-06-19 04:52:29 Debug: 2016-06-14 00:00:00
2016-06-19 04:52:29 Debug: Array
(
    [0] => Array
        (
            [Content] => Array
                (
                    [id] => 9
                    [user_id] => 4
                    [url] => https://twitter.com/kengo1008L/status/742627394331107328
                    [type] => twitter
                    [posted] => 2016-06-14 07:59:02
                    [created] => 2016-06-19 03:46:50
                    [modified] => 2016-06-19 03:46:50
                )

        )

)

2016-06-19 05:17:56 Debug: 2016-06-19 05:17:56
2016-06-19 05:17:56 Debug: 2016-06-19 00:00:00
2016-06-19 05:17:56 Debug: Array
(
)

2016-06-19 05:35:07 Debug: 2016-06-19 05:35:07
2016-06-19 05:35:07 Debug: 2016-06-19 00:00:00
2016-06-19 05:35:08 Debug: Array
(
)

2016-06-19 05:36:25 Debug: 2016-06-19 05:36:25
2016-06-19 05:36:25 Debug: 2016-06-19 00:00:00
2016-06-19 05:36:25 Debug: Array
(
)

2016-06-19 05:37:02 Debug: 2016-06-19 05:37:02
2016-06-19 05:37:02 Debug: 2016-06-19 00:00:00
2016-06-19 05:37:02 Debug: Array
(
)

2016-06-19 05:38:41 Debug: 2016-06-19 05:38:41
2016-06-19 05:38:41 Debug: 2016-06-19 00:00:00
2016-06-19 05:38:41 Debug: Array
(
)

2016-06-19 05:39:02 Debug: 2016-06-19 05:39:02
2016-06-19 05:39:02 Debug: 2016-06-19 00:00:00
2016-06-19 05:39:02 Debug: Array
(
)

2016-06-19 05:39:15 Debug: 2016-06-19 05:39:15
2016-06-19 05:39:15 Debug: 2016-06-19 00:00:00
2016-06-19 05:39:16 Debug: Array
(
)

2016-06-19 05:39:28 Debug: 2016-06-19 05:39:28
2016-06-19 05:39:28 Debug: 2016-06-19 00:00:00
2016-06-19 05:39:28 Debug: Array
(
)

2016-06-19 05:39:51 Debug: 2016-06-19 05:39:51
2016-06-19 05:39:51 Debug: 2016-06-19 00:00:00
2016-06-19 05:39:51 Debug: Array
(
)

2016-06-19 05:40:25 Debug: 2016-06-19 05:40:25
2016-06-19 05:40:25 Debug: 2016-06-19 00:00:00
2016-06-19 05:40:25 Debug: Array
(
)

2016-06-19 05:41:44 Debug: 2016-06-19 05:41:44
2016-06-19 05:41:44 Debug: 2016-06-19 00:00:00
2016-06-19 05:41:44 Debug: Array
(
)

2016-06-19 05:50:53 Debug: 20160613
2016-06-19 05:51:06 Debug: 20160605
2016-06-19 06:06:25 Debug: 20160608
2016-06-19 06:07:02 Debug: 20160608
2016-06-19 06:07:36 Debug: 20160608
2016-06-19 06:09:43 Debug: 20160606
2016-06-19 06:56:33 Debug: Array
(
    [0] => Array
        (
            [Content] => Array
                (
                    [id] => 5
                    [user_id] => 4
                    [url] => https://twitter.com/kengo1008L/status/742681707602714625
                    [type] => twitter
                    [posted] => 2016-06-14 11:34:52
                    [created] => 2016-06-19 03:46:50
                    [modified] => 2016-06-19 03:46:50
                )

        )

    [1] => Array
        (
            [Content] => Array
                (
                    [id] => 6
                    [user_id] => 4
                    [url] => https://twitter.com/kengo1008L/status/742646001668788225
                    [type] => twitter
                    [posted] => 2016-06-14 09:12:59
                    [created] => 2016-06-19 03:46:50
                    [modified] => 2016-06-19 03:46:50
                )

        )

    [2] => Array
        (
            [Content] => Array
                (
                    [id] => 7
                    [user_id] => 4
                    [url] => https://twitter.com/kengo1008L/status/742636495660453888
                    [type] => twitter
                    [posted] => 2016-06-14 08:35:12
                    [created] => 2016-06-19 03:46:50
                    [modified] => 2016-06-19 03:46:50
                )

        )

    [3] => Array
        (
            [Content] => Array
                (
                    [id] => 8
                    [user_id] => 4
                    [url] => https://twitter.com/kengo1008L/status/742629944832860161
                    [type] => twitter
                    [posted] => 2016-06-14 08:09:10
                    [created] => 2016-06-19 03:46:50
                    [modified] => 2016-06-19 03:46:50
                )

        )

    [4] => Array
        (
            [Content] => Array
                (
                    [id] => 9
                    [user_id] => 4
                    [url] => https://twitter.com/kengo1008L/status/742627394331107328
                    [type] => twitter
                    [posted] => 2016-06-14 07:59:02
                    [created] => 2016-06-19 03:46:50
                    [modified] => 2016-06-19 03:46:50
                )

        )

)

2016-06-19 07:02:17 Debug: Array
(
    [0] => Array
        (
            [Content] => Array
                (
                    [id] => 5
                    [user_id] => 4
                    [url] => https://twitter.com/kengo1008L/status/742681707602714625
                    [type] => twitter
                    [posted] => 2016-06-14 11:34:52
                    [created] => 2016-06-19 03:46:50
                    [modified] => 2016-06-19 03:46:50
                )

        )

    [1] => Array
        (
            [Content] => Array
                (
                    [id] => 6
                    [user_id] => 4
                    [url] => https://twitter.com/kengo1008L/status/742646001668788225
                    [type] => twitter
                    [posted] => 2016-06-14 09:12:59
                    [created] => 2016-06-19 03:46:50
                    [modified] => 2016-06-19 03:46:50
                )

        )

    [2] => Array
        (
            [Content] => Array
                (
                    [id] => 7
                    [user_id] => 4
                    [url] => https://twitter.com/kengo1008L/status/742636495660453888
                    [type] => twitter
                    [posted] => 2016-06-14 08:35:12
                    [created] => 2016-06-19 03:46:50
                    [modified] => 2016-06-19 03:46:50
                )

        )

    [3] => Array
        (
            [Content] => Array
                (
                    [id] => 8
                    [user_id] => 4
                    [url] => https://twitter.com/kengo1008L/status/742629944832860161
                    [type] => twitter
                    [posted] => 2016-06-14 08:09:10
                    [created] => 2016-06-19 03:46:50
                    [modified] => 2016-06-19 03:46:50
                )

        )

    [4] => Array
        (
            [Content] => Array
                (
                    [id] => 9
                    [user_id] => 4
                    [url] => https://twitter.com/kengo1008L/status/742627394331107328
                    [type] => twitter
                    [posted] => 2016-06-14 07:59:02
                    [created] => 2016-06-19 03:46:50
                    [modified] => 2016-06-19 03:46:50
                )

        )

)

2016-06-19 07:02:58 Debug: Array
(
    [Location] => Array
        (
            [id] => 27
            [user_id] => 4
            [lat] => 35.628658
            [lng] => 139.711914
            [time] => 2016-06-14 11:35:52
            [created] => 2016-06-14 11:34:52
            [modified] => 2016-06-19 04:21:56
        )

)

2016-06-19 07:02:58 Debug: Array
(
    [Location] => Array
        (
            [id] => 27
            [user_id] => 4
            [lat] => 35.628658
            [lng] => 139.711914
            [time] => 2016-06-14 11:35:52
            [created] => 2016-06-14 11:34:52
            [modified] => 2016-06-19 04:21:56
        )

)

2016-06-19 07:02:58 Debug: Array
(
    [Location] => Array
        (
            [id] => 27
            [user_id] => 4
            [lat] => 35.628658
            [lng] => 139.711914
            [time] => 2016-06-14 11:35:52
            [created] => 2016-06-14 11:34:52
            [modified] => 2016-06-19 04:21:56
        )

)

2016-06-19 07:02:58 Debug: Array
(
    [Location] => Array
        (
            [id] => 27
            [user_id] => 4
            [lat] => 35.628658
            [lng] => 139.711914
            [time] => 2016-06-14 11:35:52
            [created] => 2016-06-14 11:34:52
            [modified] => 2016-06-19 04:21:56
        )

)

2016-06-19 07:02:58 Debug: Array
(
    [Location] => Array
        (
            [id] => 27
            [user_id] => 4
            [lat] => 35.628658
            [lng] => 139.711914
            [time] => 2016-06-14 11:35:52
            [created] => 2016-06-14 11:34:52
            [modified] => 2016-06-19 04:21:56
        )

)

2016-06-19 07:02:58 Debug: Array
(
    [0] => Array
        (
            [Content] => Array
                (
                    [id] => 5
                    [user_id] => 4
                    [url] => https://twitter.com/kengo1008L/status/742681707602714625
                    [type] => twitter
                    [posted] => 2016-06-14 11:34:52
                    [created] => 2016-06-19 03:46:50
                    [modified] => 2016-06-19 03:46:50
                )

        )

    [1] => Array
        (
            [Content] => Array
                (
                    [id] => 6
                    [user_id] => 4
                    [url] => https://twitter.com/kengo1008L/status/742646001668788225
                    [type] => twitter
                    [posted] => 2016-06-14 09:12:59
                    [created] => 2016-06-19 03:46:50
                    [modified] => 2016-06-19 03:46:50
                )

        )

    [2] => Array
        (
            [Content] => Array
                (
                    [id] => 7
                    [user_id] => 4
                    [url] => https://twitter.com/kengo1008L/status/742636495660453888
                    [type] => twitter
                    [posted] => 2016-06-14 08:35:12
                    [created] => 2016-06-19 03:46:50
                    [modified] => 2016-06-19 03:46:50
                )

        )

    [3] => Array
        (
            [Content] => Array
                (
                    [id] => 8
                    [user_id] => 4
                    [url] => https://twitter.com/kengo1008L/status/742629944832860161
                    [type] => twitter
                    [posted] => 2016-06-14 08:09:10
                    [created] => 2016-06-19 03:46:50
                    [modified] => 2016-06-19 03:46:50
                )

        )

    [4] => Array
        (
            [Content] => Array
                (
                    [id] => 9
                    [user_id] => 4
                    [url] => https://twitter.com/kengo1008L/status/742627394331107328
                    [type] => twitter
                    [posted] => 2016-06-14 07:59:02
                    [created] => 2016-06-19 03:46:50
                    [modified] => 2016-06-19 03:46:50
                )

        )

)

2016-06-19 07:05:19 Debug: Array
(
    [Location] => Array
        (
            [id] => 27
            [user_id] => 4
            [lat] => 35.628658
            [lng] => 139.711914
            [time] => 2016-06-14 11:35:52
            [created] => 2016-06-14 11:34:52
            [modified] => 2016-06-19 04:21:56
        )

)

2016-06-19 07:05:19 Debug: Array
(
    [Location] => Array
        (
            [id] => 27
            [user_id] => 4
            [lat] => 35.628658
            [lng] => 139.711914
            [time] => 2016-06-14 11:35:52
            [created] => 2016-06-14 11:34:52
            [modified] => 2016-06-19 04:21:56
        )

)

2016-06-19 07:05:19 Debug: Array
(
    [Location] => Array
        (
            [id] => 27
            [user_id] => 4
            [lat] => 35.628658
            [lng] => 139.711914
            [time] => 2016-06-14 11:35:52
            [created] => 2016-06-14 11:34:52
            [modified] => 2016-06-19 04:21:56
        )

)

2016-06-19 07:05:19 Debug: Array
(
    [Location] => Array
        (
            [id] => 27
            [user_id] => 4
            [lat] => 35.628658
            [lng] => 139.711914
            [time] => 2016-06-14 11:35:52
            [created] => 2016-06-14 11:34:52
            [modified] => 2016-06-19 04:21:56
        )

)

2016-06-19 07:05:19 Debug: Array
(
    [0] => Array
        (
            [Content] => Array
                (
                    [id] => 5
                    [user_id] => 4
                    [url] => https://twitter.com/kengo1008L/status/742681707602714625
                    [type] => twitter
                    [posted] => 2016-06-14 11:34:52
                    [created] => 2016-06-19 03:46:50
                    [modified] => 2016-06-19 03:46:50
                )

        )

    [1] => Array
        (
            [Content] => Array
                (
                    [id] => 6
                    [user_id] => 4
                    [url] => https://twitter.com/kengo1008L/status/742646001668788225
                    [type] => twitter
                    [posted] => 2016-06-14 09:12:59
                    [created] => 2016-06-19 03:46:50
                    [modified] => 2016-06-19 03:46:50
                )

        )

    [2] => Array
        (
            [Content] => Array
                (
                    [id] => 7
                    [user_id] => 4
                    [url] => https://twitter.com/kengo1008L/status/742636495660453888
                    [type] => twitter
                    [posted] => 2016-06-14 08:35:12
                    [created] => 2016-06-19 03:46:50
                    [modified] => 2016-06-19 03:46:50
                )

        )

    [3] => Array
        (
            [Content] => Array
                (
                    [id] => 8
                    [user_id] => 4
                    [url] => https://twitter.com/kengo1008L/status/742629944832860161
                    [type] => twitter
                    [posted] => 2016-06-14 08:09:10
                    [created] => 2016-06-19 03:46:50
                    [modified] => 2016-06-19 03:46:50
                )

        )

    [4] => Array
        (
            [Content] => Array
                (
                    [id] => 9
                    [user_id] => 4
                    [url] => https://twitter.com/kengo1008L/status/742627394331107328
                    [type] => twitter
                    [posted] => 2016-06-14 07:59:02
                    [created] => 2016-06-19 03:46:50
                    [modified] => 2016-06-19 03:46:50
                )

        )

)

2016-06-19 07:06:21 Debug: Array
(
    [Location] => Array
        (
            [id] => 27
            [user_id] => 4
            [lat] => 35.628658
            [lng] => 139.711914
            [time] => 2016-06-14 11:35:52
            [created] => 2016-06-14 11:34:52
            [modified] => 2016-06-19 04:21:56
        )

)

2016-06-19 07:06:21 Debug: Array
(
    [Location] => Array
        (
            [id] => 27
            [user_id] => 4
            [lat] => 35.628658
            [lng] => 139.711914
            [time] => 2016-06-14 11:35:52
            [created] => 2016-06-14 11:34:52
            [modified] => 2016-06-19 04:21:56
        )

)

2016-06-19 07:06:21 Debug: Array
(
    [Location] => Array
        (
            [id] => 27
            [user_id] => 4
            [lat] => 35.628658
            [lng] => 139.711914
            [time] => 2016-06-14 11:35:52
            [created] => 2016-06-14 11:34:52
            [modified] => 2016-06-19 04:21:56
        )

)

2016-06-19 07:06:21 Debug: Array
(
    [Location] => Array
        (
            [id] => 27
            [user_id] => 4
            [lat] => 35.628658
            [lng] => 139.711914
            [time] => 2016-06-14 11:35:52
            [created] => 2016-06-14 11:34:52
            [modified] => 2016-06-19 04:21:56
        )

)

2016-06-19 07:06:21 Debug: Array
(
    [0] => Array
        (
            [Content] => Array
                (
                    [id] => 5
                    [user_id] => 4
                    [url] => https://twitter.com/kengo1008L/status/742681707602714625
                    [type] => twitter
                    [posted] => 2016-06-14 11:34:52
                    [created] => 2016-06-19 03:46:50
                    [modified] => 2016-06-19 03:46:50
                    [lat] => 35.628658
                    [lng] => 139.711914
                )

        )

    [1] => Array
        (
            [Content] => Array
                (
                    [id] => 6
                    [user_id] => 4
                    [url] => https://twitter.com/kengo1008L/status/742646001668788225
                    [type] => twitter
                    [posted] => 2016-06-14 09:12:59
                    [created] => 2016-06-19 03:46:50
                    [modified] => 2016-06-19 03:46:50
                    [lat] => 35.628658
                    [lng] => 139.711914
                )

        )

    [2] => Array
        (
            [Content] => Array
                (
                    [id] => 7
                    [user_id] => 4
                    [url] => https://twitter.com/kengo1008L/status/742636495660453888
                    [type] => twitter
                    [posted] => 2016-06-14 08:35:12
                    [created] => 2016-06-19 03:46:50
                    [modified] => 2016-06-19 03:46:50
                    [lat] => 35.628658
                    [lng] => 139.711914
                )

        )

    [3] => Array
        (
            [Content] => Array
                (
                    [id] => 8
                    [user_id] => 4
                    [url] => https://twitter.com/kengo1008L/status/742629944832860161
                    [type] => twitter
                    [posted] => 2016-06-14 08:09:10
                    [created] => 2016-06-19 03:46:50
                    [modified] => 2016-06-19 03:46:50
                    [lat] => 35.628658
                    [lng] => 139.711914
                )

        )

    [4] => Array
        (
            [Content] => Array
                (
                    [id] => 9
                    [user_id] => 4
                    [url] => https://twitter.com/kengo1008L/status/742627394331107328
                    [type] => twitter
                    [posted] => 2016-06-14 07:59:02
                    [created] => 2016-06-19 03:46:50
                    [modified] => 2016-06-19 03:46:50
                )

        )

)

2016-06-19 07:41:53 Debug: Array
(
)

2016-06-19 07:42:18 Debug: Array
(
)

2016-06-19 07:53:05 Debug: 35.628658
2016-06-19 07:53:05 Debug: 35.628658
2016-06-19 07:53:05 Debug: 35.628658
2016-06-19 07:53:05 Debug: 35.628658
2016-06-19 07:56:13 Debug: 2016-06-14 11:34:52
2016-06-19 07:56:13 Debug: 35.628658
2016-06-19 07:56:13 Debug: 2016-06-14 09:12:59
2016-06-19 07:56:13 Debug: 35.628658
2016-06-19 07:56:13 Debug: 2016-06-14 08:35:12
2016-06-19 07:56:13 Debug: 35.628658
2016-06-19 07:56:13 Debug: 2016-06-14 08:09:10
2016-06-19 07:56:13 Debug: 35.628658
2016-06-19 07:57:55 Debug: 2016-06-14 11:34:52
2016-06-19 07:57:55 Debug: 35.713167
2016-06-19 07:57:55 Debug: 2016-06-14 09:12:59
2016-06-19 07:57:55 Debug: 35.713167
2016-06-19 07:57:55 Debug: 2016-06-14 08:35:12
2016-06-19 07:57:55 Debug: 35.713167
2016-06-19 07:57:55 Debug: 2016-06-14 08:09:10
2016-06-19 07:57:55 Debug: 35.713167
2016-06-19 07:59:14 Debug: 2016-06-14 11:34:52
2016-06-19 07:59:14 Debug: 35.713167
2016-06-19 07:59:14 Debug: 2016-06-14 09:12:59
2016-06-19 07:59:14 Debug: 35.713167
2016-06-19 07:59:14 Debug: 2016-06-14 08:35:12
2016-06-19 07:59:14 Debug: 35.713167
2016-06-19 07:59:14 Debug: 2016-06-14 08:09:10
2016-06-19 07:59:32 Debug: 2016-06-14 11:34:52
2016-06-19 07:59:32 Debug: 35.633364
2016-06-19 07:59:32 Debug: 2016-06-14 09:12:59
2016-06-19 07:59:32 Debug: 35.725498
2016-06-19 07:59:32 Debug: 2016-06-14 08:35:12
2016-06-19 07:59:32 Debug: 35.713167
2016-06-19 07:59:32 Debug: 2016-06-14 08:09:10
